This file contains any messages produced by compilers while
running configure, to aid debugging if configure makes a mistake.

It was created by configure, which was
generated by GNU Autoconf 2.61.  Invocation command line was

  $ ./configure CC=arm-himix100-linux-gcc --host=arm-himix100-linux host_alias=arm-himix100-linux --no-create --no-recursion

## --------- ##
## Platform. ##
## --------- ##

hostname = localhost.localdomain
uname -m = x86_64
uname -r = 3.10.0-862.14.4.el7.x86_64
uname -s = Linux
uname -v = #1 SMP Wed Sep 26 15:12:11 UTC 2018

/usr/bin/uname -p = x86_64
/bin/uname -X     = unknown

/bin/arch              = x86_64
/usr/bin/arch -k       = unknown
/usr/convex/getsysinfo = unknown
/usr/bin/hostinfo      = unknown
/bin/machine           = unknown
/usr/bin/oslevel       = unknown
/bin/universe          = unknown

PATH: /usr/local/ffmpeg/bin
PATH: /opt/sublime_text_3
PATH: /opt/hisi-linux/x86-arm/arm-himix100-linux/bin
PATH: /usr/local/bin
PATH: /usr/local/sbin
PATH: /usr/bin
PATH: /usr/sbin
PATH: /bin
PATH: /sbin
PATH: /root/bin
PATH: /root/bin


## ----------- ##
## Core tests. ##
## ----------- ##

configure:2039: checking build system type
configure:2057: result: x86_64-unknown-linux-gnu
configure:2079: checking host system type
configure:2094: result: arm-himix100-linux-gnu
configure:2124: checking for arm-himix100-linux-gcc
configure:2151: result: arm-himix100-linux-gcc
configure:2429: checking for C compiler version
configure:2436: arm-himix100-linux-gcc --version >&5
arm-himix100-linux-gcc (Heterogeneous Compiler&Codesign V100R002C00B003) 6.3.0
Copyright (C) 2016 Free Software Foundation, Inc.
This is free software; see the source for copying conditions.  There is NO
warranty; not even for MERCHANTABILITY or FITNESS FOR A PARTICULAR PURPOSE.

configure:2439: $? = 0
configure:2446: arm-himix100-linux-gcc -v >&5
Using built-in specs.
COLLECT_GCC=arm-himix100-linux-gcc
COLLECT_LTO_WRAPPER=/opt/hisi-linux/x86-arm/arm-himix100-linux/host_bin/../libexec/gcc/arm-linux-uclibceabi/6.3.0/lto-wrapper
Target: arm-linux-uclibceabi
Configured with: /usr1/code/CODE_CCTD_V1R2C00/code/current/SDK_CPU_UNIFIED/build/script/arm-himix100-linux/arm_himix100_build_dir/src/gcc-6.3.0/configure --host=i586-suse-linux --build=i586-suse-linux --target=arm-linux-uclibceabi --prefix=/usr1/code/CODE_CCTD_V1R2C00/code/current/SDK_CPU_UNIFIED/build/script/arm-himix100-linux/arm_himix100_build_dir/install --enable-threads --disable-libmudflap --disable-libssp --disable-libstdcxx-pch --with-gnu-as --with-gnu-ld --enable-languages=c,c++ --enable-shared --enable-lto --enable-symvers=gnu --enable-__cxa_atexit --disable-libatomic --enable-nls --enable-clocale=gnu --enable-extra-hisi-multilibs --with-sysroot=/usr1/code/CODE_CCTD_V1R2C00/code/current/SDK_CPU_UNIFIED/build/script/arm-himix100-linux/arm_himix100_build_dir/install/target --with-build-sysroot=/usr1/code/CODE_CCTD_V1R2C00/code/current/SDK_CPU_UNIFIED/build/script/arm-himix100-linux/arm_himix100_build_dir/install/target --with-gmp=/usr1/code/CODE_CCTD_V1R2C00/code/current/SDK_CPU_UNIFIED/build/script/arm-himix100-linux/arm_himix100_build_dir/obj/host-libs/usr --with-mpfr=/usr1/code/CODE_CCTD_V1R2C00/code/current/SDK_CPU_UNIFIED/build/script/arm-himix100-linux/arm_himix100_build_dir/obj/host-libs/usr --with-mpc=/usr1/code/CODE_CCTD_V1R2C00/code/current/SDK_CPU_UNIFIED/build/script/arm-himix100-linux/arm_himix100_build_dir/obj/host-libs/usr --disable-libgomp --disable-libquadmath --disable-fixed-point --disable-libsanitizer --disable-libitm --enable-poison-system-directories --with-pkgversion='Heterogeneous Compiler&Codesign V100R002C00B003'
Thread model: posix
gcc version 6.3.0 (Heterogeneous Compiler&Codesign V100R002C00B003) 
configure:2449: $? = 0
configure:2456: arm-himix100-linux-gcc -V >&5
arm-himix100-linux-gcc: error: unrecognized command line option '-V'
arm-himix100-linux-gcc: fatal error: no input files
compilation terminated.
configure:2459: $? = 1
configure:2482: checking for C compiler default output file name
configure:2509: arm-himix100-linux-gcc    conftest.c  >&5
configure:2512: $? = 0
configure:2550: result: a.out
configure:2567: checking whether the C compiler works
configure:2577: ./a.out
./configure: line 2578: ./a.out: cannot execute binary file
configure:2580: $? = 126
configure:2597: result: yes
configure:2604: checking whether we are cross compiling
configure:2606: result: yes
configure:2609: checking for suffix of executables
configure:2616: arm-himix100-linux-gcc -o conftest    conftest.c  >&5
configure:2619: $? = 0
configure:2643: result: 
configure:2649: checking for suffix of object files
configure:2675: arm-himix100-linux-gcc -c   conftest.c >&5
configure:2678: $? = 0
configure:2701: result: o
configure:2705: checking whether we are using the GNU C compiler
configure:2734: arm-himix100-linux-gcc -c   conftest.c >&5
configure:2740: $? = 0
configure:2757: result: yes
configure:2762: checking whether arm-himix100-linux-gcc accepts -g
configure:2792: arm-himix100-linux-gcc -c -g  conftest.c >&5
configure:2798: $? = 0
configure:2897: result: yes
configure:2914: checking for arm-himix100-linux-gcc option to accept ISO C89
configure:2988: arm-himix100-linux-gcc  -c -g -O2  conftest.c >&5
configure:2994: $? = 0
configure:3017: result: none needed
configure:3035: checking for a sed that does not truncate output
configure:3114: result: /usr/bin/sed
configure:3132: checking for grep that handles long lines and -e
configure:3206: result: /usr/bin/grep
configure:3211: checking for egrep
configure:3289: result: /usr/bin/grep -E
configure:3294: checking for fgrep
configure:3372: result: /usr/bin/grep -F
configure:3407: checking for ld used by arm-himix100-linux-gcc
configure:3474: result: /opt/hisi-linux/x86-arm/arm-himix100-linux/arm-linux-uclibceabi/bin/ld
configure:3483: checking if the linker (/opt/hisi-linux/x86-arm/arm-himix100-linux/arm-linux-uclibceabi/bin/ld) is GNU ld
configure:3498: result: yes
configure:3510: checking for BSD- or MS-compatible name lister (nm)
configure:3559: result: /opt/hisi-linux/x86-arm/arm-himix100-linux/bin/arm-himix100-linux-nm -B
configure:3681: checking the name lister (/opt/hisi-linux/x86-arm/arm-himix100-linux/bin/arm-himix100-linux-nm -B) interface
configure:3688: arm-himix100-linux-gcc -c -g -O2  conftest.c >&5
configure:3691: /opt/hisi-linux/x86-arm/arm-himix100-linux/bin/arm-himix100-linux-nm -B "conftest.o"
configure:3694: output
00000000 B some_variable
configure:3701: result: BSD nm
configure:3704: checking whether ln -s works
configure:3711: result: no, using cp -p
configure:3716: checking the maximum length of command line arguments
configure:3842: result: 1572864
configure:3859: checking whether the shell understands some XSI constructs
configure:3869: result: yes
configure:3873: checking whether the shell understands "+="
configure:3879: result: yes
configure:3914: checking for /opt/hisi-linux/x86-arm/arm-himix100-linux/arm-linux-uclibceabi/bin/ld option to reload object files
configure:3921: result: -r
configure:3950: checking for arm-himix100-linux-objdump
configure:3966: found /opt/hisi-linux/x86-arm/arm-himix100-linux/bin/arm-himix100-linux-objdump
configure:3977: result: arm-himix100-linux-objdump
configure:4050: checking how to recognize dependent libraries
configure:4248: result: pass_all
configure:4268: checking for arm-himix100-linux-ar
configure:4284: found /opt/hisi-linux/x86-arm/arm-himix100-linux/bin/arm-himix100-linux-ar
configure:4295: result: arm-himix100-linux-ar
configure:4377: checking for arm-himix100-linux-strip
configure:4393: found /opt/hisi-linux/x86-arm/arm-himix100-linux/bin/arm-himix100-linux-strip
configure:4404: result: arm-himix100-linux-strip
configure:4480: checking for arm-himix100-linux-ranlib
configure:4496: found /opt/hisi-linux/x86-arm/arm-himix100-linux/bin/arm-himix100-linux-ranlib
configure:4507: result: arm-himix100-linux-ranlib
configure:4641: checking command to parse /opt/hisi-linux/x86-arm/arm-himix100-linux/bin/arm-himix100-linux-nm -B output from arm-himix100-linux-gcc object
configure:4759: arm-himix100-linux-gcc -c -g -O2  conftest.c >&5
configure:4762: $? = 0
configure:4766: /opt/hisi-linux/x86-arm/arm-himix100-linux/bin/arm-himix100-linux-nm -B conftest.o \| sed -n -e 's/^.*[	 ]\([ABCDGIRSTW][ABCDGIRSTW]*\)[	 ][	 ]*\([_A-Za-z][_A-Za-z0-9]*\)$/\1 \2 \2/p' \> conftest.nm
configure:4769: $? = 0
configure:4823: arm-himix100-linux-gcc -o conftest -g -O2   conftest.c conftstm.o >&5
configure:4826: $? = 0
configure:4864: result: ok
configure:5743: checking how to run the C preprocessor
configure:5783: arm-himix100-linux-gcc -E  conftest.c
configure:5789: $? = 0
configure:5820: arm-himix100-linux-gcc -E  conftest.c
conftest.c:8:28: fatal error: ac_nonexistent.h: No such file or directory
 #include <ac_nonexistent.h>
                            ^
compilation terminated.
configure:5826: $? = 1
configure: failed program was:
| /* confdefs.h.  */
| #define PACKAGE_NAME ""
| #define PACKAGE_TARNAME ""
| #define PACKAGE_VERSION ""
| #define PACKAGE_STRING ""
| #define PACKAGE_BUGREPORT ""
| /* end confdefs.h.  */
| #include <ac_nonexistent.h>
configure:5859: result: arm-himix100-linux-gcc -E
configure:5888: arm-himix100-linux-gcc -E  conftest.c
configure:5894: $? = 0
configure:5925: arm-himix100-linux-gcc -E  conftest.c
conftest.c:8:28: fatal error: ac_nonexistent.h: No such file or directory
 #include <ac_nonexistent.h>
                            ^
compilation terminated.
configure:5931: $? = 1
configure: failed program was:
| /* confdefs.h.  */
| #define PACKAGE_NAME ""
| #define PACKAGE_TARNAME ""
| #define PACKAGE_VERSION ""
| #define PACKAGE_STRING ""
| #define PACKAGE_BUGREPORT ""
| /* end confdefs.h.  */
| #include <ac_nonexistent.h>
configure:5969: checking for ANSI C header files
configure:5999: arm-himix100-linux-gcc -c -g -O2  conftest.c >&5
configure:6005: $? = 0
configure:6133: result: yes
configure:6157: checking for sys/types.h
configure:6178: arm-himix100-linux-gcc -c -g -O2  conftest.c >&5
configure:6184: $? = 0
configure:6200: result: yes
configure:6157: checking for sys/stat.h
configure:6178: arm-himix100-linux-gcc -c -g -O2  conftest.c >&5
configure:6184: $? = 0
configure:6200: result: yes
configure:6157: checking for stdlib.h
configure:6178: arm-himix100-linux-gcc -c -g -O2  conftest.c >&5
configure:6184: $? = 0
configure:6200: result: yes
configure:6157: checking for string.h
configure:6178: arm-himix100-linux-gcc -c -g -O2  conftest.c >&5
configure:6184: $? = 0
configure:6200: result: yes
configure:6157: checking for memory.h
configure:6178: arm-himix100-linux-gcc -c -g -O2  conftest.c >&5
configure:6184: $? = 0
configure:6200: result: yes
configure:6157: checking for strings.h
configure:6178: arm-himix100-linux-gcc -c -g -O2  conftest.c >&5
configure:6184: $? = 0
configure:6200: result: yes
configure:6157: checking for inttypes.h
configure:6178: arm-himix100-linux-gcc -c -g -O2  conftest.c >&5
configure:6184: $? = 0
configure:6200: result: yes
configure:6157: checking for stdint.h
configure:6178: arm-himix100-linux-gcc -c -g -O2  conftest.c >&5
configure:6184: $? = 0
configure:6200: result: yes
configure:6157: checking for unistd.h
configure:6178: arm-himix100-linux-gcc -c -g -O2  conftest.c >&5
configure:6184: $? = 0
configure:6200: result: yes
configure:6216: checking for dlfcn.h
configure:6237: arm-himix100-linux-gcc -c -g -O2  conftest.c >&5
configure:6243: $? = 0
configure:6259: result: yes
configure:6753: checking for objdir
configure:6768: result: .libs
configure:7064: checking if arm-himix100-linux-gcc supports -fno-rtti -fno-exceptions
configure:7082: arm-himix100-linux-gcc -c -g -O2  -fno-rtti -fno-exceptions conftest.c >&5
cc1: warning: command line option '-fno-rtti' is valid for C++/ObjC++ but not for C
configure:7086: $? = 0
configure:7099: result: no
configure:7119: checking for arm-himix100-linux-gcc option to produce PIC
configure:7391: result: -fPIC -DPIC
configure:7403: checking if arm-himix100-linux-gcc PIC flag -fPIC -DPIC works
configure:7421: arm-himix100-linux-gcc -c -g -O2  -fPIC -DPIC -DPIC conftest.c >&5
configure:7425: $? = 0
configure:7438: result: yes
configure:7462: checking if arm-himix100-linux-gcc static flag -static works
configure:7490: result: yes
configure:7505: checking if arm-himix100-linux-gcc supports -c -o file.o
configure:7526: arm-himix100-linux-gcc -c -g -O2  -o out/conftest2.o conftest.c >&5
configure:7530: $? = 0
configure:7552: result: yes
configure:7560: checking if arm-himix100-linux-gcc supports -c -o file.o
configure:7607: result: yes
configure:7640: checking whether the arm-himix100-linux-gcc linker (/opt/hisi-linux/x86-arm/arm-himix100-linux/arm-linux-uclibceabi/bin/ld) supports shared libraries
configure:8702: result: yes
configure:8739: checking whether -lc should be explicitly linked in
configure:8744: arm-himix100-linux-gcc -c -g -O2  conftest.c >&5
configure:8747: $? = 0
configure:8762: arm-himix100-linux-gcc -shared conftest.o  -v -Wl,-soname -Wl,conftest -o conftest 2\>\&1 \| /usr/bin/grep  -lc  \>/dev/null 2\>\&1
configure:8765: $? = 0
configure:8777: result: no
configure:8941: checking dynamic linker characteristics
configure:9386: arm-himix100-linux-gcc -o conftest -g -O2   -Wl,-rpath -Wl,/foo conftest.c  >&5
configure:9392: $? = 0
configure:9622: result: GNU/Linux ld.so
configure:9724: checking how to hardcode library paths into programs
configure:9749: result: immediate
configure:10554: checking whether stripping libraries is possible
configure:10559: result: yes
configure:10594: checking if libtool supports shared libraries
configure:10596: result: yes
configure:10599: checking whether to build shared libraries
configure:10620: result: yes
configure:10623: checking whether to build static libraries
configure:10627: result: yes
configure:10673: checking host system type
configure:10688: result: arm-himix100-linux-gnu
configure:10726: checking for a BSD-compatible install
configure:10782: result: /usr/bin/install -c
configure:10793: checking whether build environment is sane
configure:10836: result: yes
configure:10864: checking for a thread-safe mkdir -p
configure:10903: result: /usr/bin/mkdir -p
configure:10916: checking for gawk
configure:10932: found /usr/bin/gawk
configure:10943: result: gawk
configure:10954: checking whether make sets $(MAKE)
configure:10975: result: yes
configure:11005: checking for style of include used by make
configure:11033: result: GNU
configure:11117: checking for arm-himix100-linux-strip
configure:11144: result: arm-himix100-linux-strip
configure:11226: checking dependency style of arm-himix100-linux-gcc
configure:11317: result: gcc3
configure:11343: checking for arm-himix100-linux-gcc
configure:11370: result: arm-himix100-linux-gcc
configure:11648: checking for C compiler version
configure:11655: arm-himix100-linux-gcc --version >&5
arm-himix100-linux-gcc (Heterogeneous Compiler&Codesign V100R002C00B003) 6.3.0
Copyright (C) 2016 Free Software Foundation, Inc.
This is free software; see the source for copying conditions.  There is NO
warranty; not even for MERCHANTABILITY or FITNESS FOR A PARTICULAR PURPOSE.

configure:11658: $? = 0
configure:11665: arm-himix100-linux-gcc -v >&5
Using built-in specs.
COLLECT_GCC=arm-himix100-linux-gcc
COLLECT_LTO_WRAPPER=/opt/hisi-linux/x86-arm/arm-himix100-linux/host_bin/../libexec/gcc/arm-linux-uclibceabi/6.3.0/lto-wrapper
Target: arm-linux-uclibceabi
Configured with: /usr1/code/CODE_CCTD_V1R2C00/code/current/SDK_CPU_UNIFIED/build/script/arm-himix100-linux/arm_himix100_build_dir/src/gcc-6.3.0/configure --host=i586-suse-linux --build=i586-suse-linux --target=arm-linux-uclibceabi --prefix=/usr1/code/CODE_CCTD_V1R2C00/code/current/SDK_CPU_UNIFIED/build/script/arm-himix100-linux/arm_himix100_build_dir/install --enable-threads --disable-libmudflap --disable-libssp --disable-libstdcxx-pch --with-gnu-as --with-gnu-ld --enable-languages=c,c++ --enable-shared --enable-lto --enable-symvers=gnu --enable-__cxa_atexit --disable-libatomic --enable-nls --enable-clocale=gnu --enable-extra-hisi-multilibs --with-sysroot=/usr1/code/CODE_CCTD_V1R2C00/code/current/SDK_CPU_UNIFIED/build/script/arm-himix100-linux/arm_himix100_build_dir/install/target --with-build-sysroot=/usr1/code/CODE_CCTD_V1R2C00/code/current/SDK_CPU_UNIFIED/build/script/arm-himix100-linux/arm_himix100_build_dir/install/target --with-gmp=/usr1/code/CODE_CCTD_V1R2C00/code/current/SDK_CPU_UNIFIED/build/script/arm-himix100-linux/arm_himix100_build_dir/obj/host-libs/usr --with-mpfr=/usr1/code/CODE_CCTD_V1R2C00/code/current/SDK_CPU_UNIFIED/build/script/arm-himix100-linux/arm_himix100_build_dir/obj/host-libs/usr --with-mpc=/usr1/code/CODE_CCTD_V1R2C00/code/current/SDK_CPU_UNIFIED/build/script/arm-himix100-linux/arm_himix100_build_dir/obj/host-libs/usr --disable-libgomp --disable-libquadmath --disable-fixed-point --disable-libsanitizer --disable-libitm --enable-poison-system-directories --with-pkgversion='Heterogeneous Compiler&Codesign V100R002C00B003'
Thread model: posix
gcc version 6.3.0 (Heterogeneous Compiler&Codesign V100R002C00B003) 
configure:11668: $? = 0
configure:11675: arm-himix100-linux-gcc -V >&5
arm-himix100-linux-gcc: error: unrecognized command line option '-V'
arm-himix100-linux-gcc: fatal error: no input files
compilation terminated.
configure:11678: $? = 1
configure:11681: checking whether we are using the GNU C compiler
configure:11733: result: yes
configure:11738: checking whether arm-himix100-linux-gcc accepts -g
configure:11873: result: yes
configure:11890: checking for arm-himix100-linux-gcc option to accept ISO C89
configure:11993: result: none needed
configure:12024: checking for a BSD-compatible install
configure:12080: result: /usr/bin/install -c
configure:12091: checking whether make sets $(MAKE)
configure:12112: result: yes
configure:12130: checking for windres
configure:12160: result: no
configure:12130: checking for arm-himix100-linux-windres
configure:12160: result: no
configure:12130: checking for linux-gnu-windres
configure:12160: result: no
configure:12175: checking for working alloca.h
configure:12202: arm-himix100-linux-gcc -o conftest -g -O2   conftest.c  >&5
configure:12208: $? = 0
configure:12225: result: yes
configure:12235: checking for alloca
configure:12282: arm-himix100-linux-gcc -o conftest -g -O2   conftest.c  >&5
configure:12288: $? = 0
configure:12305: result: yes
configure:12596: checking for freetype-config
configure:12614: found /usr/local/bin/freetype-config
configure:12627: result: /usr/local/bin/freetype-config
configure:12657: checking for arm-himix100-linux-pkg-config
configure:12690: result: no
configure:12700: checking for pkg-config
configure:12718: found /usr/bin/pkg-config
configure:12730: result: /usr/bin/pkg-config
configure:12744: WARNING: In the future, Autoconf will not detect cross-tools
whose name does not start with the host triplet.  If you think this
configuration is useful to you, please write to autoconf@gnu.org.
configure:12759: checking pkg-config is at least version 0.9.0
configure:12762: result: yes
configure:12800: checking for SDL
configure:12808: $PKG_CONFIG --exists --print-errors "sdl >= $min_sdl_version"
Package sdl was not found in the pkg-config search path.
Perhaps you should add the directory containing `sdl.pc'
to the PKG_CONFIG_PATH environment variable
No package 'sdl' found
configure:12811: $? = 1
configure:12826: $PKG_CONFIG --exists --print-errors "sdl >= $min_sdl_version"
Package sdl was not found in the pkg-config search path.
Perhaps you should add the directory containing `sdl.pc'
to the PKG_CONFIG_PATH environment variable
No package 'sdl' found
configure:12829: $? = 1
No package 'sdl' found
configure:12857: result: no
configure:12859: result: no
configure:12901: checking for sdl-config
configure:12919: found /usr/local/bin/sdl-config
configure:12932: result: /usr/local/bin/sdl-config
configure:12941: checking for SDL - version >= 1.2.4
configure:13072: result: yes
configure:13197: checking for X
configure:13312: arm-himix100-linux-gcc -E  conftest.c
conftest.c:24:22: fatal error: X11/Xlib.h: No such file or directory
 #include <X11/Xlib.h>
                      ^
compilation terminated.
configure:13318: $? = 1
configure: failed program was:
| /* confdefs.h.  */
| #define PACKAGE_NAME ""
| #define PACKAGE_TARNAME ""
| #define PACKAGE_VERSION ""
| #define PACKAGE_STRING ""
| #define PACKAGE_BUGREPORT ""
| #define STDC_HEADERS 1
| #define HAVE_SYS_TYPES_H 1
| #define HAVE_SYS_STAT_H 1
| #define HAVE_STDLIB_H 1
| #define HAVE_STRING_H 1
| #define HAVE_MEMORY_H 1
| #define HAVE_STRINGS_H 1
| #define HAVE_INTTYPES_H 1
| #define HAVE_STDINT_H 1
| #define HAVE_UNISTD_H 1
| #define HAVE_DLFCN_H 1
| #define LT_OBJDIR ".libs/"
| #define PACKAGE "SDL_ttf"
| #define VERSION "2.0.11"
| #define HAVE_ALLOCA_H 1
| #define HAVE_ALLOCA 1
| /* end confdefs.h.  */
| #include <X11/Xlib.h>
configure:13367: arm-himix100-linux-gcc -o conftest -g -O2 -I/usr/local/include/freetype2 -I/usr/local/include -I/usr/local/include/SDL -D_GNU_SOURCE=1 -D_REENTRANT   conftest.c -lX11  -L/usr/local/lib -lfreetype -L/usr/local/lib -Wl,-rpath,/usr/local/lib -lSDL -lpthread >&5
conftest.c:24:22: fatal error: X11/Xlib.h: No such file or directory
 #include <X11/Xlib.h>
                      ^
compilation terminated.
configure:13373: $? = 1
configure: failed program was:
| /* confdefs.h.  */
| #define PACKAGE_NAME ""
| #define PACKAGE_TARNAME ""
| #define PACKAGE_VERSION ""
| #define PACKAGE_STRING ""
| #define PACKAGE_BUGREPORT ""
| #define STDC_HEADERS 1
| #define HAVE_SYS_TYPES_H 1
| #define HAVE_SYS_STAT_H 1
| #define HAVE_STDLIB_H 1
| #define HAVE_STRING_H 1
| #define HAVE_MEMORY_H 1
| #define HAVE_STRINGS_H 1
| #define HAVE_INTTYPES_H 1
| #define HAVE_STDINT_H 1
| #define HAVE_UNISTD_H 1
| #define HAVE_DLFCN_H 1
| #define LT_OBJDIR ".libs/"
| #define PACKAGE "SDL_ttf"
| #define VERSION "2.0.11"
| #define HAVE_ALLOCA_H 1
| #define HAVE_ALLOCA 1
| /* end confdefs.h.  */
| #include <X11/Xlib.h>
| int
| main ()
| {
| XrmInitialize ()
|   ;
|   return 0;
| }
configure:13421: result: no
configure:14519: checking for OpenGL support
configure:14547: arm-himix100-linux-gcc -c -g -O2 -I/usr/local/include/freetype2 -I/usr/local/include -I/usr/local/include/SDL -D_GNU_SOURCE=1 -D_REENTRANT  conftest.c >&5
In file included from conftest.c:26:0:
/usr/local/include/SDL/SDL_opengl.h:46:60: fatal error: GL/gl.h: No such file or directory
 #include <GL/gl.h> /* Header File For The OpenGL Library */
                                                            ^
compilation terminated.
configure:14553: $? = 1
configure: failed program was:
| /* confdefs.h.  */
| #define PACKAGE_NAME ""
| #define PACKAGE_TARNAME ""
| #define PACKAGE_VERSION ""
| #define PACKAGE_STRING ""
| #define PACKAGE_BUGREPORT ""
| #define STDC_HEADERS 1
| #define HAVE_SYS_TYPES_H 1
| #define HAVE_SYS_STAT_H 1
| #define HAVE_STDLIB_H 1
| #define HAVE_STRING_H 1
| #define HAVE_MEMORY_H 1
| #define HAVE_STRINGS_H 1
| #define HAVE_INTTYPES_H 1
| #define HAVE_STDINT_H 1
| #define HAVE_UNISTD_H 1
| #define HAVE_DLFCN_H 1
| #define LT_OBJDIR ".libs/"
| #define PACKAGE "SDL_ttf"
| #define VERSION "2.0.11"
| #define HAVE_ALLOCA_H 1
| #define HAVE_ALLOCA 1
| #define X_DISPLAY_MISSING 1
| /* end confdefs.h.  */
| 
|  #include "SDL_opengl.h"
| 
| int
| main ()
| {
| 
|  GLuint texture;
| 
|   ;
|   return 0;
| }
configure:14569: result: no
configure:14735: creating ./config.status

## ---------------- ##
## Cache variables. ##
## ---------------- ##

ac_cv_build=x86_64-unknown-linux-gnu
ac_cv_c_compiler_gnu=yes
ac_cv_env_CC_set=set
ac_cv_env_CC_value=arm-himix100-linux-gcc
ac_cv_env_CFLAGS_set=
ac_cv_env_CFLAGS_value=
ac_cv_env_CPPFLAGS_set=
ac_cv_env_CPPFLAGS_value=
ac_cv_env_CPP_set=
ac_cv_env_CPP_value=
ac_cv_env_LDFLAGS_set=
ac_cv_env_LDFLAGS_value=
ac_cv_env_LIBS_set=
ac_cv_env_LIBS_value=
ac_cv_env_PKG_CONFIG_set=
ac_cv_env_PKG_CONFIG_value=
ac_cv_env_SDL_CFLAGS_set=
ac_cv_env_SDL_CFLAGS_value=
ac_cv_env_SDL_LIBS_set=
ac_cv_env_SDL_LIBS_value=
ac_cv_env_XMKMF_set=
ac_cv_env_XMKMF_value=
ac_cv_env_build_alias_set=
ac_cv_env_build_alias_value=
ac_cv_env_host_alias_set=set
ac_cv_env_host_alias_value=arm-himix100-linux
ac_cv_env_target_alias_set=
ac_cv_env_target_alias_value=
ac_cv_func_alloca_works=yes
ac_cv_have_x=have_x=no
ac_cv_header_dlfcn_h=yes
ac_cv_header_inttypes_h=yes
ac_cv_header_memory_h=yes
ac_cv_header_stdc=yes
ac_cv_header_stdint_h=yes
ac_cv_header_stdlib_h=yes
ac_cv_header_string_h=yes
ac_cv_header_strings_h=yes
ac_cv_header_sys_stat_h=yes
ac_cv_header_sys_types_h=yes
ac_cv_header_unistd_h=yes
ac_cv_host=arm-himix100-linux-gnu
ac_cv_objext=o
ac_cv_path_EGREP='/usr/bin/grep -E'
ac_cv_path_FGREP='/usr/bin/grep -F'
ac_cv_path_FREETYPE_CONFIG=/usr/local/bin/freetype-config
ac_cv_path_GREP=/usr/bin/grep
ac_cv_path_SDL_CONFIG=/usr/local/bin/sdl-config
ac_cv_path_SED=/usr/bin/sed
ac_cv_path_ac_pt_PKG_CONFIG=/usr/bin/pkg-config
ac_cv_path_install='/usr/bin/install -c'
ac_cv_path_mkdir=/usr/bin/mkdir
ac_cv_prog_AR=arm-himix100-linux-ar
ac_cv_prog_AWK=gawk
ac_cv_prog_CC=arm-himix100-linux-gcc
ac_cv_prog_CPP='arm-himix100-linux-gcc -E'
ac_cv_prog_OBJDUMP=arm-himix100-linux-objdump
ac_cv_prog_RANLIB=arm-himix100-linux-ranlib
ac_cv_prog_STRIP=arm-himix100-linux-strip
ac_cv_prog_cc_c89=
ac_cv_prog_cc_g=yes
ac_cv_prog_make_make_set=yes
ac_cv_working_alloca_h=yes
am_cv_CC_dependencies_compiler_type=gcc3
lt_cv_deplibs_check_method=pass_all
lt_cv_file_magic_cmd='$MAGIC_CMD'
lt_cv_file_magic_test_file=
lt_cv_ld_reload_flag=-r
lt_cv_nm_interface='BSD nm'
lt_cv_objdir=.libs
lt_cv_path_LD=/opt/hisi-linux/x86-arm/arm-himix100-linux/arm-linux-uclibceabi/bin/ld
lt_cv_path_NM='/opt/hisi-linux/x86-arm/arm-himix100-linux/bin/arm-himix100-linux-nm -B'
lt_cv_prog_compiler_c_o=yes
lt_cv_prog_compiler_pic_works=yes
lt_cv_prog_compiler_rtti_exceptions=no
lt_cv_prog_compiler_static_works=yes
lt_cv_prog_gnu_ld=yes
lt_cv_sys_global_symbol_pipe='sed -n -e '\''s/^.*[	 ]\([ABCDGIRSTW][ABCDGIRSTW]*\)[	 ][	 ]*\([_A-Za-z][_A-Za-z0-9]*\)$/\1 \2 \2/p'\'''
lt_cv_sys_global_symbol_to_c_name_address='sed -n -e '\''s/^: \([^ ]*\) $/  {\"\1\", (void *) 0},/p'\'' -e '\''s/^[ABCDGIRSTW]* \([^ ]*\) \([^ ]*\)$/  {"\2", (void *) \&\2},/p'\'''
lt_cv_sys_global_symbol_to_c_name_address_lib_prefix='sed -n -e '\''s/^: \([^ ]*\) $/  {\"\1\", (void *) 0},/p'\'' -e '\''s/^[ABCDGIRSTW]* \([^ ]*\) \(lib[^ ]*\)$/  {"\2", (void *) \&\2},/p'\'' -e '\''s/^[ABCDGIRSTW]* \([^ ]*\) \([^ ]*\)$/  {"lib\2", (void *) \&\2},/p'\'''
lt_cv_sys_global_symbol_to_cdecl='sed -n -e '\''s/^T .* \(.*\)$/extern int \1();/p'\'' -e '\''s/^[ABCDGIRSTW]* .* \(.*\)$/extern char \1;/p'\'''
lt_cv_sys_max_cmd_len=1572864

## ----------------- ##
## Output variables. ##
## ----------------- ##

ACLOCAL='${SHELL} /mnt/hgfs/vmware_share/font/SDL_ttf-2.0.11/missing --run aclocal-1.10'
ALLOCA=''
AMDEPBACKSLASH='\'
AMDEP_FALSE='#'
AMDEP_TRUE=''
AMTAR='${SHELL} /mnt/hgfs/vmware_share/font/SDL_ttf-2.0.11/missing --run tar'
AR='arm-himix100-linux-ar'
AS='as'
AUTOCONF='${SHELL} /mnt/hgfs/vmware_share/font/SDL_ttf-2.0.11/missing --run autoconf'
AUTOHEADER='${SHELL} /mnt/hgfs/vmware_share/font/SDL_ttf-2.0.11/missing --run autoheader'
AUTOMAKE='${SHELL} /mnt/hgfs/vmware_share/font/SDL_ttf-2.0.11/missing --run automake-1.10'
AWK='gawk'
BINARY_AGE='11'
CC='arm-himix100-linux-gcc'
CCDEPMODE='depmode=gcc3'
CFLAGS='-g -O2 -I/usr/local/include/freetype2 -I/usr/local/include -I/usr/local/include/SDL -D_GNU_SOURCE=1 -D_REENTRANT'
CPP='arm-himix100-linux-gcc -E'
CPPFLAGS=''
CYGPATH_W='echo'
DEFS='-DPACKAGE_NAME=\"\" -DPACKAGE_TARNAME=\"\" -DPACKAGE_VERSION=\"\" -DPACKAGE_STRING=\"\" -DPACKAGE_BUGREPORT=\"\" -DSTDC_HEADERS=1 -DHAVE_SYS_TYPES_H=1 -DHAVE_SYS_STAT_H=1 -DHAVE_STDLIB_H=1 -DHAVE_STRING_H=1 -DHAVE_MEMORY_H=1 -DHAVE_STRINGS_H=1 -DHAVE_INTTYPES_H=1 -DHAVE_STDINT_H=1 -DHAVE_UNISTD_H=1 -DHAVE_DLFCN_H=1 -DLT_OBJDIR=\".libs/\" -DPACKAGE=\"SDL_ttf\" -DVERSION=\"2.0.11\" -DHAVE_ALLOCA_H=1 -DHAVE_ALLOCA=1 -DX_DISPLAY_MISSING=1'
DEPDIR='.deps'
DLLTOOL='dlltool'
DSYMUTIL=''
DUMPBIN=''
ECHO_C=''
ECHO_N='-n'
ECHO_T=''
EGREP='/usr/bin/grep -E'
EXEEXT=''
FGREP='/usr/bin/grep -F'
FREETYPE_CONFIG='/usr/local/bin/freetype-config'
GL_LIBS=''
GREP='/usr/bin/grep'
INSTALL_DATA='${INSTALL} -m 644'
INSTALL_PROGRAM='${INSTALL}'
INSTALL_SCRIPT='${INSTALL}'
INSTALL_STRIP_PROGRAM='$(install_sh) -c -s'
INTERFACE_AGE='1'
LD='/opt/hisi-linux/x86-arm/arm-himix100-linux/arm-linux-uclibceabi/bin/ld'
LDFLAGS=''
LIBOBJS=''
LIBS=' -L/usr/local/lib -lfreetype -L/usr/local/lib -Wl,-rpath,/usr/local/lib -lSDL -lpthread'
LIBTOOL='$(SHELL) $(top_builddir)/libtool'
LIPO=''
LN_S='cp -p'
LTLIBOBJS=''
LT_AGE='10'
LT_CURRENT='10'
LT_RELEASE='2.0'
LT_REVISION='1'
MAJOR_VERSION='2'
MAKEINFO='${SHELL} /mnt/hgfs/vmware_share/font/SDL_ttf-2.0.11/missing --run makeinfo'
MATHLIB='-lm'
MICRO_VERSION='11'
MINOR_VERSION='0'
NM='/opt/hisi-linux/x86-arm/arm-himix100-linux/bin/arm-himix100-linux-nm -B'
NMEDIT=''
OBJDUMP='arm-himix100-linux-objdump'
OBJEXT='o'
OTOOL64=''
OTOOL=''
PACKAGE='SDL_ttf'
PACKAGE_BUGREPORT=''
PACKAGE_NAME=''
PACKAGE_STRING=''
PACKAGE_TARNAME=''
PACKAGE_VERSION=''
PATH_SEPARATOR=':'
PKG_CONFIG='/usr/bin/pkg-config'
RANLIB='arm-himix100-linux-ranlib'
SDL_CFLAGS='-I/usr/local/include/SDL -D_GNU_SOURCE=1 -D_REENTRANT'
SDL_CONFIG='/usr/local/bin/sdl-config'
SDL_LIBS='-L/usr/local/lib -Wl,-rpath,/usr/local/lib -lSDL -lpthread'
SDL_VERSION='1.2.4'
SED='/usr/bin/sed'
SET_MAKE=''
SHELL='/bin/sh'
STRIP='arm-himix100-linux-strip'
USE_VERSION_RC_FALSE=''
USE_VERSION_RC_TRUE='#'
VERSION='2.0.11'
WINDRES=''
XMKMF=''
X_CFLAGS=''
X_EXTRA_LIBS=''
X_LIBS=''
X_PRE_LIBS=''
ac_ct_CC=''
ac_ct_DUMPBIN=''
am__fastdepCC_FALSE='#'
am__fastdepCC_TRUE=''
am__include='include'
am__isrc=''
am__leading_dot='.'
am__quote=''
am__tar='${AMTAR} chof - "$$tardir"'
am__untar='${AMTAR} xf -'
bindir='${exec_prefix}/bin'
build='x86_64-unknown-linux-gnu'
build_alias=''
build_cpu='x86_64'
build_os='linux-gnu'
build_vendor='unknown'
datadir='${datarootdir}'
datarootdir='${prefix}/share'
docdir='${datarootdir}/doc/${PACKAGE}'
dvidir='${docdir}'
exec_prefix='${prefix}'
host='arm-himix100-linux-gnu'
host_alias='arm-himix100-linux'
host_cpu='arm'
host_os='linux-gnu'
host_vendor='himix100'
htmldir='${docdir}'
includedir='${prefix}/include'
infodir='${datarootdir}/info'
install_sh='$(SHELL) /mnt/hgfs/vmware_share/font/SDL_ttf-2.0.11/install-sh'
libdir='${exec_prefix}/lib'
libexecdir='${exec_prefix}/libexec'
localedir='${datarootdir}/locale'
localstatedir='${prefix}/var'
lt_ECHO='echo'
mandir='${datarootdir}/man'
mkdir_p='/usr/bin/mkdir -p'
oldincludedir='/usr/include'
pdfdir='${docdir}'
prefix='/usr/local'
program_transform_name='s,x,x,'
psdir='${docdir}'
sbindir='${exec_prefix}/sbin'
sharedstatedir='${prefix}/com'
sysconfdir='${prefix}/etc'
target_alias=''

## ----------- ##
## confdefs.h. ##
## ----------- ##

#define PACKAGE_NAME ""
#define PACKAGE_TARNAME ""
#define PACKAGE_VERSION ""
#define PACKAGE_STRING ""
#define PACKAGE_BUGREPORT ""
#define STDC_HEADERS 1
#define HAVE_SYS_TYPES_H 1
#define HAVE_SYS_STAT_H 1
#define HAVE_STDLIB_H 1
#define HAVE_STRING_H 1
#define HAVE_MEMORY_H 1
#define HAVE_STRINGS_H 1
#define HAVE_INTTYPES_H 1
#define HAVE_STDINT_H 1
#define HAVE_UNISTD_H 1
#define HAVE_DLFCN_H 1
#define LT_OBJDIR ".libs/"
#define PACKAGE "SDL_ttf"
#define VERSION "2.0.11"
#define HAVE_ALLOCA_H 1
#define HAVE_ALLOCA 1
#define X_DISPLAY_MISSING 1

configure: exit 0

## ---------------------- ##
## Running config.status. ##
## ---------------------- ##

This file was extended by config.status, which was
generated by GNU Autoconf 2.61.  Invocation command line was

  CONFIG_FILES    = 
  CONFIG_HEADERS  = 
  CONFIG_LINKS    = 
  CONFIG_COMMANDS = 
  $ ./config.status 

on localhost.localdomain

config.status:863: creating Makefile
config.status:863: creating SDL_ttf.spec
config.status:863: creating SDL_ttf.pc
config.status:1054: executing libtool commands
config.status:1054: executing depfiles commands
